<?xml version="1.0" encoding="utf-8"?><testsuites><testsuite name="pytest" errors="0" failures="0" skipped="0" tests="4" time="31.218" timestamp="2023-07-21T19:28:16.058319" hostname="Air-de-Felipe.home"><testcase classname="tests.model.test_model.TestModel" name="test_model_fit" time="8.159" /><testcase classname="tests.model.test_model.TestModel" name="test_model_predict" time="8.234" /><testcase classname="tests.model.test_model.TestModel" name="test_model_preprocess_for_serving" time="6.809" /><testcase classname="tests.model.test_model.TestModel" name="test_model_preprocess_for_training" time="6.938" /></testsuite></testsuites>