<?xml version="1.0" encoding="utf-8"?><testsuites><testsuite name="pytest" errors="0" failures="0" skipped="0" tests="11" time="9.475" timestamp="2023-07-22T21:31:07.499744" hostname="Air-de-Felipe.home"><testcase classname="tests.integration.test_api.TestBatchPipeline" name="test_OPERA_Latin_American_Wings" time="0.020" /><testcase classname="tests.integration.test_api.TestBatchPipeline" name="test_health_check" time="0.002" /><testcase classname="tests.integration.test_api.TestBatchPipeline" name="test_predict_fails_on_invalid_MES" time="0.006" /><testcase classname="tests.integration.test_api.TestBatchPipeline" name="test_predict_fails_on_invalid_OPERA" time="0.004" /><testcase classname="tests.integration.test_api.TestBatchPipeline" name="test_predict_fails_on_invalid_TIPOVUELO" time="0.004" /><testcase classname="tests.integration.test_api.TestBatchPipeline" name="test_should_fail_invalid_month_type" time="0.003" /><testcase classname="tests.integration.test_api.TestBatchPipeline" name="test_should_failed_invalid_TIPOVUELO" time="0.005" /><testcase classname="tests.integration.test_api.TestBatchPipeline" name="test_should_failed_invalid_month" time="0.005" /><testcase classname="tests.integration.test_api.TestBatchPipeline" name="test_should_failed_missing_feature" time="0.002" /><testcase classname="tests.integration.test_api.TestBatchPipeline" name="test_should_get_predict" time="0.007" /><testcase classname="tests.integration.test_api.TestBatchPipeline" name="test_train_model" time="8.250" /></testsuite></testsuites>